<?xml version="1.0" encoding="UTF-8"?>
<!-- Generated by org.testng.reporters.JUnitReportReporter -->
<testsuite skipped="0" hostname="INL-HXDLTC2" name="com.google.tests.LoginTest" tests="1" failures="0" timestamp="04 Dec 2018 12:37:42 GMT" time="41.217" errors="0">
  <testcase name="loginGmailTest" time="41.217" classname="com.google.tests.LoginTest"/>
</testsuite> <!-- com.google.tests.LoginTest -->
