<?xml version="1.0" encoding="UTF-8"?>
<!-- Generated by org.testng.reporters.JUnitReportReporter -->
<testsuite skipped="0" hostname="INL-HXDLTC2" name="com.google.tests.LoginTest" tests="1" failures="0" timestamp="04 Dec 2018 18:00:51 GMT" time="44.989" errors="0">
  <testcase name="loginGmailTest" time="44.989" classname="com.google.tests.LoginTest"/>
</testsuite> <!-- com.google.tests.LoginTest -->
