<?xml version="1.0" encoding="UTF-8"?>
<!-- Generated by org.testng.reporters.JUnitReportReporter -->
<testsuite skipped="0" hostname="INL-HXDLTC2" name="com.google.tests.ComposeMailTest" tests="1" failures="0" timestamp="09 Dec 2018 12:46:06 GMT" time="123.397" errors="0">
  <testcase name="composeMailTest" time="123.397" classname="com.google.tests.ComposeMailTest"/>
</testsuite> <!-- com.google.tests.ComposeMailTest -->
